<?xml version="1.0" encoding="UTF-8"?>
<!-- Generated by org.testng.reporters.JUnitReportReporter -->
<testsuite name="com.testyatra.parrarelExecution.ActiTimeDemo" tests="1" time="44.647" ignored="0" failures="0" timestamp="12 Jun 2020 04:15:46 GMT" skipped="0" hostname="DESKTOP-5GKV5A2" errors="0">
  <testcase name="loginscript" time="44.647" classname="com.testyatra.parrarelExecution.ActiTimeDemo"/>
</testsuite> <!-- com.testyatra.parrarelExecution.ActiTimeDemo -->
