<?xml version="1.0" encoding="UTF-8"?>
<!-- Generated by org.testng.reporters.JUnitReportReporter -->
<testsuite name="com.testyantra.scripts.ActiTimeDemo" tests="1" time="62.786" ignored="0" failures="0" timestamp="09 Jun 2020 06:48:30 GMT" skipped="0" hostname="DESKTOP-5GKV5A2" errors="0">
  <testcase name="loginscript" time="62.786" classname="com.testyantra.scripts.ActiTimeDemo"/>
</testsuite> <!-- com.testyantra.scripts.ActiTimeDemo -->
