<?xml version="1.0" encoding="UTF-8"?>
<!-- Generated by org.testng.reporters.JUnitReportReporter -->
<testsuite name="com.testyantra.scripts.ActiTimeDemo2softassert" tests="1" time="51.151" ignored="0" failures="0" timestamp="09 Jun 2020 07:11:06 GMT" skipped="0" hostname="DESKTOP-5GKV5A2" errors="0">
  <testcase name="loginscript" time="51.151" classname="com.testyantra.scripts.ActiTimeDemo2softassert"/>
</testsuite> <!-- com.testyantra.scripts.ActiTimeDemo2softassert -->
