<?xml version="1.0" encoding="UTF-8"?>
<!-- Generated by org.testng.reporters.JUnitReportReporter -->
<testsuite name="com.testyantra.scripts.ActiTimeDemo2ForgotPasswordTitle" tests="1" time="25.595" ignored="0" failures="0" timestamp="09 Jun 2020 10:08:19 GMT" skipped="0" hostname="DESKTOP-5GKV5A2" errors="0">
  <testcase name="loginscript" time="25.595" classname="com.testyantra.scripts.ActiTimeDemo2ForgotPasswordTitle"/>
</testsuite> <!-- com.testyantra.scripts.ActiTimeDemo2ForgotPasswordTitle -->
