<?xml version="1.0" encoding="UTF-8"?>
<!-- Generated by org.testng.reporters.JUnitReportReporter -->
<testsuite name="com.testyantra.scripts.ActiTimeVerifyWrongUsnPs" tests="1" time="32.584" ignored="0" failures="0" timestamp="09 Jun 2020 10:16:52 GMT" skipped="0" hostname="DESKTOP-5GKV5A2" errors="0">
  <testcase name="loginscript" time="32.584" classname="com.testyantra.scripts.ActiTimeVerifyWrongUsnPs"/>
</testsuite> <!-- com.testyantra.scripts.ActiTimeVerifyWrongUsnPs -->
