<?xml version="1.0" encoding="UTF-8"?>
<!-- Generated by org.testng.reporters.JUnitReportReporter -->
<testsuite name="com.testyatra.parrarelExecution.ParrarelExecution3" tests="2" time="41.258" ignored="0" failures="0" timestamp="12 Jun 2020 03:56:40 GMT" skipped="0" hostname="DESKTOP-5GKV5A2" errors="0">
  <testcase name="tc_02" time="22.224" classname="com.testyatra.parrarelExecution.ParrarelExecution3"/>
  <testcase name="tc_01" time="19.034" classname="com.testyatra.parrarelExecution.ParrarelExecution3"/>
</testsuite> <!-- com.testyatra.parrarelExecution.ParrarelExecution3 -->
