<?xml version="1.0" encoding="UTF-8"?>
<!-- Generated by org.testng.reporters.JUnitReportReporter -->
<testsuite name="com.testyantra.scripts.UrbaLadderSubMenuVerification" tests="1" time="52.903" ignored="0" failures="0" timestamp="13 Jun 2020 04:35:18 GMT" skipped="0" hostname="DESKTOP-5GKV5A2" errors="0">
  <testcase name="verifyMenu" time="52.903" classname="com.testyantra.scripts.UrbaLadderSubMenuVerification"/>
</testsuite> <!-- com.testyantra.scripts.UrbaLadderSubMenuVerification -->
