<?xml version="1.0" encoding="UTF-8"?>
<!-- Generated by org.testng.reporters.JUnitReportReporter -->
<testsuite name="com.testyantra.scripts.Annotations" tests="1" time="0.007" ignored="0" failures="0" timestamp="12 Jun 2020 06:12:46 GMT" skipped="0" hostname="DESKTOP-5GKV5A2" errors="0">
  <testcase name="tc_01" time="0.007" classname="com.testyantra.scripts.Annotations"/>
</testsuite> <!-- com.testyantra.scripts.Annotations -->
