<?xml version="1.0" encoding="UTF-8"?>
<!-- Generated by org.testng.reporters.JUnitReportReporter -->
<testsuite name="com.testyatra.parrarelExecution.ParrarelExecution2" tests="2" time="45.997" ignored="0" failures="0" timestamp="12 Jun 2020 04:03:02 GMT" skipped="0" hostname="DESKTOP-5GKV5A2" errors="0">
  <testcase name="tc_01" time="27.530" classname="com.testyatra.parrarelExecution.ParrarelExecution2"/>
  <testcase name="tc_02" time="18.467" classname="com.testyatra.parrarelExecution.ParrarelExecution2"/>
</testsuite> <!-- com.testyatra.parrarelExecution.ParrarelExecution2 -->
