<?xml version="1.0" encoding="UTF-8"?>
<!-- Generated by org.testng.reporters.JUnitReportReporter -->
<testsuite name="com.testyantra.scripts.UrbaLadderHomePageAll" tests="1" time="33.546" ignored="0" failures="0" timestamp="11 Jun 2020 12:36:06 GMT" skipped="0" hostname="DESKTOP-5GKV5A2" errors="0">
  <testcase name="verifyMenu" time="33.546" classname="com.testyantra.scripts.UrbaLadderHomePageAll"/>
</testsuite> <!-- com.testyantra.scripts.UrbaLadderHomePageAll -->
