<?xml version="1.0" encoding="UTF-8"?>
<!-- Generated by org.testng.reporters.JUnitReportReporter -->
<testsuite name="com.testyantra.onlineshopping.ToLogintoapp" tests="1" time="15.798" ignored="0" failures="0" timestamp="16 Jun 2020 14:41:40 GMT" skipped="0" hostname="DESKTOP-5GKV5A2" errors="0">
  <testcase name="login" time="15.798" classname="com.testyantra.onlineshopping.ToLogintoapp"/>
</testsuite> <!-- com.testyantra.onlineshopping.ToLogintoapp -->
