<?xml version="1.0" encoding="UTF-8"?>
<!-- Generated by org.testng.reporters.JUnitReportReporter -->
<testsuite name="com.testyantra.onlineshopping.ToLogintoappinvalidcredentials" tests="1" time="18.925" ignored="0" failures="0" timestamp="16 Jun 2020 14:59:54 GMT" skipped="0" hostname="DESKTOP-5GKV5A2" errors="0">
  <testcase name="login" time="18.925" classname="com.testyantra.onlineshopping.ToLogintoappinvalidcredentials"/>
</testsuite> <!-- com.testyantra.onlineshopping.ToLogintoappinvalidcredentials -->
