<?xml version="1.0" encoding="UTF-8"?>
<!-- Generated by org.testng.reporters.JUnitReportReporter -->
<testsuite name="com.testyantra.scripts.UrbaLadderHomePageVer" tests="1" time="32.774" ignored="0" failures="0" timestamp="10 Jun 2020 07:50:47 GMT" skipped="0" hostname="DESKTOP-5GKV5A2" errors="0">
  <testcase name="verifyMenu" time="32.774" classname="com.testyantra.scripts.UrbaLadderHomePageVer"/>
</testsuite> <!-- com.testyantra.scripts.UrbaLadderHomePageVer -->
